2023-07-08 18:39:07,360 WARNING Starting the bot... (Line: 58) [main.py]
2023-07-08 18:39:55,602 WARNING Starting the bot... (Line: 58) [main.py]
2023-07-08 18:40:36,234 WARNING Starting the bot... (Line: 58) [main.py]
2023-07-08 18:41:48,208 WARNING Starting the bot... (Line: 58) [main.py]
2023-07-08 18:42:57,713 WARNING Starting the bot... (Line: 58) [main.py]
2023-07-08 19:04:30,483 WARNING Starting the bot... (Line: 58) [main.py]
2023-07-08 19:06:55,455 WARNING Starting the bot... (Line: 58) [main.py]
2023-07-08 19:16:27,895 WARNING Starting the bot... (Line: 58) [main.py]
2023-07-08 19:17:04,461 WARNING Starting the bot... (Line: 58) [main.py]
2023-07-08 19:19:04,049 WARNING Starting the bot... (Line: 58) [main.py]
2023-07-08 19:19:22,147 ERROR Ошибка при добавлении пользовательского канала: (pymysql.err.IntegrityError) (1062, "Duplicate entry 'Dota2' for key 'personal_channel.username'")
[SQL: INSERT INTO personal_channel (username) VALUES (%(username)s)]
[parameters: {'username': 'Dota2'}]
(Background on this error at: https://sqlalche.me/e/20/gkpj) (Line: 33) [queries.py]
2023-07-08 19:19:57,370 ERROR delete_user_channel:Dota2 (Line: 117) [handlers.py]
2023-07-08 19:19:57,399 ERROR ['Dota2'] (Line: 124) [handlers.py]
2023-07-08 19:20:05,539 ERROR Ошибка при парсинге сообщений канала Dota2:'coroutine' object has no attribute 'get_entity' (Line: 70) [parse.py]
2023-07-08 19:22:01,508 WARNING Starting the bot... (Line: 58) [main.py]
2023-07-08 19:22:08,328 ERROR delete_user_channel:Dota2 (Line: 117) [handlers.py]
2023-07-08 19:22:08,345 ERROR ['Dota2'] (Line: 124) [handlers.py]
2023-07-08 19:23:06,993 WARNING Starting the bot... (Line: 58) [main.py]
2023-07-08 19:23:17,483 ERROR delete_user_channel:Dota2 (Line: 117) [handlers.py]
2023-07-08 19:23:17,505 ERROR ['Dota2'] (Line: 124) [handlers.py]
2023-07-08 19:24:20,734 ERROR delete_user_channel:Dota2 (Line: 117) [handlers.py]
2023-07-08 19:24:20,752 ERROR ['Dota2', 'rozetked'] (Line: 124) [handlers.py]
2023-07-08 19:24:21,562 ERROR delete_user_channel:rozetked (Line: 117) [handlers.py]
2023-07-08 19:24:21,575 ERROR ['rozetked'] (Line: 124) [handlers.py]
2023-07-08 19:25:15,062 ERROR delete_user_channel:Dota2 (Line: 117) [handlers.py]
2023-07-08 19:25:15,079 ERROR ['Dota2', 'rozetked'] (Line: 124) [handlers.py]
2023-07-08 19:25:15,750 ERROR delete_user_channel:rozetked (Line: 117) [handlers.py]
2023-07-08 19:25:15,762 ERROR ['rozetked'] (Line: 124) [handlers.py]
2023-07-09 11:36:57,675 WARNING Starting the bot... (Line: 59) [main.py]
2023-07-09 11:37:33,518 ERROR Ошибка при добавлении пользовательского канала: (pymysql.err.IntegrityError) (1062, "Duplicate entry 'Dota2' for key 'personal_channel.username'")
[SQL: INSERT INTO personal_channel (username) VALUES (%(username)s)]
[parameters: {'username': 'Dota2'}]
(Background on this error at: https://sqlalche.me/e/20/gkpj) (Line: 33) [queries.py]
2023-07-09 11:38:02,527 ERROR Ошибка при получении сущности чата: No user has "rhyemstg" as username (Line: 60) [handlers.py]
2023-07-09 11:38:02,529 ERROR Ошибка при добавлении пользовательского канала: type object 'Channel' has no attribute 'username' (Line: 33) [queries.py]
2023-07-09 11:51:26,387 WARNING Starting the bot... (Line: 59) [main.py]
2023-07-09 11:51:45,881 ERROR delete_user_channel:Dota2 (Line: 118) [handlers.py]
2023-07-09 11:51:45,911 ERROR ['Dota2', 'rhymestg'] (Line: 125) [handlers.py]
2023-07-09 11:51:47,235 ERROR delete_user_channel:rhymestg (Line: 118) [handlers.py]
2023-07-09 11:51:47,250 ERROR ['rhymestg'] (Line: 125) [handlers.py]
2023-07-09 12:09:53,449 WARNING Starting the bot... (Line: 59) [main.py]
2023-07-09 12:10:17,930 ERROR Ошибка при добавлении пользовательского канала: (pymysql.err.IntegrityError) (1452, 'Cannot add or update a child row: a foreign key constraint fails (`lolkek`.`user_channel`, CONSTRAINT `user_channel_ibfk_2` FOREIGN KEY (`channel_id`) REFERENCES `personal_channel` (`id`))')
[SQL: INSERT INTO user_channel (user_id, channel_id) VALUES (%(user_id)s, %(channel_id)s)]
[parameters: {'user_id': 1043160825, 'channel_id': 1}]
(Background on this error at: https://sqlalche.me/e/20/gkpj) (Line: 52) [queries.py]
2023-07-09 12:10:57,553 ERROR Ошибка при добавлении пользовательского канала: (pymysql.err.IntegrityError) (1452, 'Cannot add or update a child row: a foreign key constraint fails (`lolkek`.`user_channel`, CONSTRAINT `user_channel_ibfk_2` FOREIGN KEY (`channel_id`) REFERENCES `personal_channel` (`id`))')
[SQL: INSERT INTO user_channel (user_id, channel_id) VALUES (%(user_id)s, %(channel_id)s)]
[parameters: {'user_id': 1043160825, 'channel_id': 2}]
(Background on this error at: https://sqlalche.me/e/20/gkpj) (Line: 52) [queries.py]
2023-07-09 12:19:24,823 WARNING Starting the bot... (Line: 59) [main.py]
2023-07-09 12:22:46,877 WARNING Starting the bot... (Line: 59) [main.py]
2023-07-09 12:23:01,896 ERROR delete_user_channel:Dota2 (Line: 122) [handlers.py]
2023-07-09 12:23:01,933 ERROR ['Dota2'] (Line: 129) [handlers.py]
2023-07-09 12:23:29,775 WARNING Starting the bot... (Line: 59) [main.py]
2023-07-09 12:27:26,715 WARNING Starting the bot... (Line: 59) [main.py]
2023-07-09 12:28:01,579 WARNING Starting the bot... (Line: 59) [main.py]
2023-07-09 12:37:18,796 WARNING Starting the bot... (Line: 59) [main.py]
2023-07-09 12:37:40,206 ERROR Ошибка при добавлении пользовательского канала: (pymysql.err.IntegrityError) (1062, "Duplicate entry 'Dota2' for key 'personal_channel.username'")
[SQL: INSERT INTO personal_channel (username) VALUES (%(username)s)]
[parameters: {'username': 'Dota2'}]
(Background on this error at: https://sqlalche.me/e/20/gkpj) (Line: 34) [queries.py]
2023-07-09 12:37:45,329 ERROR delete_user_channel:Dota2 (Line: 122) [handlers.py]
2023-07-09 12:37:45,346 ERROR ['Dota2', 'rhymestg'] (Line: 129) [handlers.py]
2023-07-09 12:37:46,182 ERROR delete_user_channel:rhymestg (Line: 122) [handlers.py]
2023-07-09 12:37:46,192 ERROR ['rhymestg'] (Line: 129) [handlers.py]
2023-07-09 12:39:30,225 WARNING Starting the bot... (Line: 59) [main.py]
2023-07-09 12:41:02,312 WARNING Starting the bot... (Line: 59) [main.py]
2023-07-09 12:41:09,500 ERROR delete_user_channel:Dota2 (Line: 122) [handlers.py]
2023-07-09 12:41:09,519 ERROR ['Dota2', 'rhymestg'] (Line: 129) [handlers.py]
2023-07-09 12:41:10,199 ERROR delete_user_channel:rhymestg (Line: 122) [handlers.py]
2023-07-09 12:41:10,215 ERROR ['rhymestg'] (Line: 129) [handlers.py]
2023-07-09 12:42:04,486 WARNING Starting the bot... (Line: 59) [main.py]
2023-07-09 12:42:19,375 ERROR Ошибка при парсинге сообщений канала rhymestg:'DataFrame' object has no attribute 'i' (Line: 73) [parse.py]
2023-07-09 13:07:05,130 WARNING Starting the bot... (Line: 59) [main.py]
2023-07-09 13:07:18,576 ERROR delete_user_channel:Dota2 (Line: 124) [handlers.py]
2023-07-09 13:07:18,600 ERROR ['Dota2', 'rhymestg'] (Line: 131) [handlers.py]
2023-07-09 13:07:19,017 ERROR delete_user_channel:rhymestg (Line: 124) [handlers.py]
2023-07-09 13:07:19,028 ERROR ['rhymestg'] (Line: 131) [handlers.py]
2023-07-09 13:19:38,204 WARNING Starting the bot... (Line: 58) [main.py]
2023-07-09 13:22:29,580 ERROR delete_user_channel:Dota2 (Line: 125) [handlers.py]
2023-07-09 13:22:29,604 ERROR ['Dota2', 'rhymestg'] (Line: 132) [handlers.py]
2023-07-09 13:22:30,373 ERROR delete_user_channel:rhymestg (Line: 125) [handlers.py]
2023-07-09 13:22:30,384 ERROR ['rhymestg'] (Line: 132) [handlers.py]
2023-07-09 13:29:59,766 ERROR Ошибка при получении сущности чата: No user has "sehfbhef" as username (Line: 64) [handlers.py]
2023-07-09 13:29:59,767 ERROR Ошибка при добавлении пользовательского канала: type object 'Channel' has no attribute 'username' (Line: 34) [queries.py]
2023-07-09 13:49:42,138 WARNING Starting the bot... (Line: 58) [main.py]
2023-07-09 13:50:09,850 ERROR Ошибка при добавлении пользовательского канала: (pymysql.err.DataError) (1406, "Data too long for column 'text' at row 1")
[SQL: INSERT INTO personal_post (text, image_path, channel_id) VALUES (%(text)s, %(image_path)s, %(channel_id)s)]
[parameters: {'text': '**🤦\u200d♂️**** Снова пропустил момент?\n\n**Только что** **Gladiators выиграли с коэффициентом **Х10 в LIVE**, а ты не поставил на финал с [BetBoom? ... (43 characters truncated) ... е есть! Получи бонус до **7000₽** за [регистрацию](https://bonus.betboom.app/) и ставь, не рискуя своими деньгами! \n\n**Забирай бонус и ТАЩИ ****👇**', 'image_path': 'media/media_image_-1001054735798_5283249720921279783.jpg', 'channel_id': 1}]
(Background on this error at: https://sqlalche.me/e/20/9h9h) (Line: 104) [queries.py]
2023-07-09 13:52:23,968 WARNING Starting the bot... (Line: 58) [main.py]
2023-07-09 13:53:23,255 WARNING Starting the bot... (Line: 58) [main.py]
2023-07-09 13:56:35,280 WARNING Starting the bot... (Line: 58) [main.py]
2023-07-09 13:58:57,250 WARNING Starting the bot... (Line: 58) [main.py]
2023-07-09 13:59:09,973 ERROR Ошибка при добавлении пользовательского канала: 'if' (Line: 104) [queries.py]
2023-07-09 13:59:38,026 WARNING Starting the bot... (Line: 58) [main.py]
2023-07-09 13:59:43,400 ERROR delete_user_channel:rozetked (Line: 124) [handlers.py]
2023-07-09 13:59:43,419 ERROR ['Dota2', 'rhymestg', 'rozetked'] (Line: 131) [handlers.py]
2023-07-09 13:59:44,061 ERROR delete_user_channel:rhymestg (Line: 124) [handlers.py]
2023-07-09 13:59:44,064 ERROR ['Dota2', 'rhymestg'] (Line: 131) [handlers.py]
2023-07-09 13:59:44,715 ERROR delete_user_channel:Dota2 (Line: 124) [handlers.py]
2023-07-09 13:59:44,726 ERROR ['Dota2'] (Line: 131) [handlers.py]
2023-07-09 14:00:03,410 ERROR Ошибка при добавлении пользовательского канала: (pymysql.err.IntegrityError) (1452, 'Cannot add or update a child row: a foreign key constraint fails (`again2`.`personal_post`, CONSTRAINT `personal_post_ibfk_1` FOREIGN KEY (`channel_id`) REFERENCES `personal_channel` (`id`))')
[SQL: INSERT INTO personal_post (id, text, image_path, channel_id) VALUES (%(id)s, %(text)s, %(image_path)s, %(channel_id)s)]
[parameters: [{'id': 12816, 'text': '**🤦\u200d♂️**** Снова пропустил момент?\n\n**Только что** **Gladiators выиграли с коэффициентом **Х10 в LIVE**, а ты не поставил на финал с [BetBoom? ... (43 characters truncated) ... е есть! Получи бонус до **7000₽** за [регистрацию](https://bonus.betboom.app/) и ставь, не рискуя своими деньгами! \n\n**Забирай бонус и ТАЩИ ****👇**', 'image_path': 'media/media_image_-1001054735798_5283249720921279783.jpg', 'channel_id': 1}, {'id': 12815, 'text': '**⚡️**** Gladiators 1-0 Liquid\n\n**Дурачье и компания забирают первую карту, отыграв 15к нетворса. Очередные 3-0 для Gladiators, или все таки ждем камбэк от "Жидких"?\n\n@Dota2', 'image_path': None, 'channel_id': 1}, {'id': 12814, 'text': '**⚔️ Драфты первой карты Гранд-Финала\n\n**Ждем невероятную борьбу и 5 карт в финале!\n\n@Dota2', 'image_path': 'media/media_image_-1001054735798_5284983118182337067.jpg', 'channel_id': 1}]]
(Background on this error at: https://sqlalche.me/e/20/gkpj) (Line: 104) [queries.py]
2023-07-09 14:02:04,344 WARNING Starting the bot... (Line: 58) [main.py]
2023-07-09 14:03:11,854 WARNING Starting the bot... (Line: 58) [main.py]
2023-07-09 14:05:47,635 WARNING Starting the bot... (Line: 58) [main.py]
2023-07-09 14:05:53,782 WARNING Starting the bot... (Line: 58) [main.py]
2023-07-09 14:09:55,280 WARNING Starting the bot... (Line: 58) [main.py]
2023-07-09 14:10:31,945 ERROR Ошибка при добавлении пользовательского канала: (pymysql.err.IntegrityError) (1048, "Column 'username' cannot be null")
[SQL: INSERT INTO personal_channel (username) VALUES (%(username)s)]
[parameters: {'username': None}]
(Background on this error at: https://sqlalche.me/e/20/gkpj) (Line: 35) [queries.py]
2023-07-09 14:10:44,200 ERROR Ошибка при добавлении пользовательского канала: (pymysql.err.IntegrityError) (1048, "Column 'username' cannot be null")
[SQL: INSERT INTO personal_channel (username) VALUES (%(username)s)]
[parameters: {'username': None}]
(Background on this error at: https://sqlalche.me/e/20/gkpj) (Line: 35) [queries.py]
2023-07-09 14:13:43,006 WARNING Starting the bot... (Line: 58) [main.py]
2023-07-09 14:16:52,417 ERROR delete_user_channel:rozetked (Line: 124) [handlers.py]
2023-07-09 14:16:52,444 ERROR ['bard_aigoogle', 'cbrstocks', 'Dota2', 'freeapkexe', 'rhymestg', 'rozetked'] (Line: 131) [handlers.py]
2023-07-09 14:16:53,234 ERROR delete_user_channel:rhymestg (Line: 124) [handlers.py]
2023-07-09 14:16:53,250 ERROR ['bard_aigoogle', 'cbrstocks', 'Dota2', 'freeapkexe', 'rhymestg'] (Line: 131) [handlers.py]
2023-07-09 14:16:53,890 ERROR delete_user_channel:freeapkexe (Line: 124) [handlers.py]
2023-07-09 14:16:53,901 ERROR ['bard_aigoogle', 'cbrstocks', 'Dota2', 'freeapkexe'] (Line: 131) [handlers.py]
2023-07-09 14:16:54,487 ERROR delete_user_channel:Dota2 (Line: 124) [handlers.py]
2023-07-09 14:16:54,501 ERROR Ошибка при удалении канала из списка пользователя:(pymysql.err.IntegrityError) (1451, 'Cannot delete or update a parent row: a foreign key constraint fails (`again2`.`personal_post`, CONSTRAINT `personal_post_ibfk_1` FOREIGN KEY (`channel_id`) REFERENCES `personal_channel` (`id`))')
[SQL: DELETE FROM personal_channel WHERE personal_channel.id = %(id_1)s]
[parameters: {'id_1': 4}]
(Background on this error at: https://sqlalche.me/e/20/gkpj) (Line: 92) [queries.py]
2023-07-09 14:16:55,317 ERROR delete_user_channel:Dota2 (Line: 124) [handlers.py]
2023-07-09 14:16:55,330 ERROR Ошибка при удалении канала из списка пользователя:(pymysql.err.IntegrityError) (1451, 'Cannot delete or update a parent row: a foreign key constraint fails (`again2`.`personal_post`, CONSTRAINT `personal_post_ibfk_1` FOREIGN KEY (`channel_id`) REFERENCES `personal_channel` (`id`))')
[SQL: DELETE FROM personal_channel WHERE personal_channel.id = %(id_1)s]
[parameters: {'id_1': 4}]
(Background on this error at: https://sqlalche.me/e/20/gkpj) (Line: 92) [queries.py]
2023-07-09 14:16:57,679 ERROR delete_user_channel:bard_aigoogle (Line: 124) [handlers.py]
2023-07-09 14:16:57,690 ERROR ['bard_aigoogle', 'cbrstocks', 'Dota2'] (Line: 131) [handlers.py]
2023-07-09 14:16:59,199 ERROR delete_user_channel:Dota2 (Line: 124) [handlers.py]
2023-07-09 14:16:59,208 ERROR Ошибка при удалении канала из списка пользователя:(pymysql.err.IntegrityError) (1451, 'Cannot delete or update a parent row: a foreign key constraint fails (`again2`.`personal_post`, CONSTRAINT `personal_post_ibfk_1` FOREIGN KEY (`channel_id`) REFERENCES `personal_channel` (`id`))')
[SQL: DELETE FROM personal_channel WHERE personal_channel.id = %(id_1)s]
[parameters: {'id_1': 4}]
(Background on this error at: https://sqlalche.me/e/20/gkpj) (Line: 92) [queries.py]
2023-07-09 14:17:00,420 ERROR delete_user_channel:cbrstocks (Line: 124) [handlers.py]
2023-07-09 14:17:00,427 ERROR ['cbrstocks', 'Dota2'] (Line: 131) [handlers.py]
2023-07-09 14:17:01,930 ERROR delete_user_channel:Dota2 (Line: 124) [handlers.py]
2023-07-09 14:17:01,939 ERROR Ошибка при удалении канала из списка пользователя:(pymysql.err.IntegrityError) (1451, 'Cannot delete or update a parent row: a foreign key constraint fails (`again2`.`personal_post`, CONSTRAINT `personal_post_ibfk_1` FOREIGN KEY (`channel_id`) REFERENCES `personal_channel` (`id`))')
[SQL: DELETE FROM personal_channel WHERE personal_channel.id = %(id_1)s]
[parameters: {'id_1': 4}]
(Background on this error at: https://sqlalche.me/e/20/gkpj) (Line: 92) [queries.py]
2023-07-09 14:24:07,093 WARNING Starting the bot... (Line: 58) [main.py]
2023-07-09 14:26:53,792 ERROR Ошибка при добавлении пользовательского канала: (pymysql.err.IntegrityError) (1452, 'Cannot add or update a child row: a foreign key constraint fails (`again2`.`personal_post`, CONSTRAINT `personal_post_ibfk_1` FOREIGN KEY (`channel_id`) REFERENCES `personal_channel` (`id`))')
[SQL: INSERT INTO personal_post (text, image_path, channel_id) VALUES (%(text)s, %(image_path)s, %(channel_id)s)]
[parameters: {'text': '**Новый уровень гугления диагнозов **🌐\n\nЧат-бот Med-PaLM 2 от Google, который заточен под медицинские задачи, с весны тестируется на пациентах сети ... (74 characters truncated) ... убликовала исследование: нейросеть опередила врачей в ответах на медицинские вопросы по восьми из девяти категорий оценки. \n\nrozetked.me/news/29593', 'image_path': 'media/media_image_-1001007302005_5282824003762901365.jpg', 'channel_id': 1043160825}]
(Background on this error at: https://sqlalche.me/e/20/gkpj) (Line: 105) [queries.py]
2023-07-09 14:31:00,981 WARNING Starting the bot... (Line: 58) [main.py]
2023-07-09 14:43:51,324 WARNING Starting the bot... (Line: 58) [main.py]
2023-07-09 14:44:04,315 ERROR delete_user_channel:rozetked (Line: 124) [handlers.py]
2023-07-09 14:44:04,348 ERROR ['cbrstocks', 'Dota2', 'rhymestg', 'rozetked'] (Line: 131) [handlers.py]
2023-07-09 14:44:05,100 ERROR delete_user_channel:rhymestg (Line: 124) [handlers.py]
2023-07-09 14:44:05,115 ERROR ['cbrstocks', 'Dota2', 'rhymestg'] (Line: 131) [handlers.py]
2023-07-09 14:44:05,549 ERROR delete_user_channel:cbrstocks (Line: 124) [handlers.py]
2023-07-09 14:44:05,564 ERROR ['cbrstocks', 'Dota2'] (Line: 131) [handlers.py]
2023-07-09 14:44:07,696 ERROR delete_user_channel:Dota2 (Line: 124) [handlers.py]
2023-07-09 14:44:07,708 ERROR Ошибка при удалении канала из списка пользователя:(pymysql.err.IntegrityError) (1451, 'Cannot delete or update a parent row: a foreign key constraint fails (`again2`.`personal_post`, CONSTRAINT `personal_post_ibfk_1` FOREIGN KEY (`channel_id`) REFERENCES `personal_channel` (`id`))')
[SQL: DELETE FROM personal_channel WHERE personal_channel.id = %(id_1)s]
[parameters: {'id_1': 4}]
(Background on this error at: https://sqlalche.me/e/20/gkpj) (Line: 92) [queries.py]
2023-07-09 14:45:24,922 ERROR Ошибка при добавлении пользовательского канала: list indices must be integers or slices, not str (Line: 115) [queries.py]
2023-07-09 14:54:32,564 WARNING Starting the bot... (Line: 58) [main.py]
2023-07-09 15:01:33,636 WARNING Starting the bot... (Line: 58) [main.py]
2023-07-09 15:02:00,211 ERROR Ошибка при добавлении пользовательского канала: (pymysql.err.OperationalError) (1241, 'Operand should contain 1 column(s)')
[SQL: INSERT INTO personal_post (text, image_path, channel_id) VALUES (%(text)s, %(image_path)s, %(channel_id)s)]
[parameters: {'text': '👋 Давно не общались, подписчики. Давайте чат. Что на выходные запланировали?', 'image_path': None, 'channel_id': [<PersonalChannel(id='15', username='cbrstocks')>, <PersonalChannel(id='4', username='Dota2')>, <PersonalChannel(id='13', username='rhymestg')>, <PersonalChannel(id='14', username='rozetked')>]}]
(Background on this error at: https://sqlalche.me/e/20/e3q8) (Line: 106) [queries.py]
2023-07-09 15:03:31,294 WARNING Starting the bot... (Line: 58) [main.py]
2023-07-09 15:03:47,082 ERROR Ошибка при добавлении пользовательского канала: (pymysql.err.IntegrityError) (1062, "Duplicate entry 'rhymestg' for key 'personal_channel.username'")
[SQL: INSERT INTO personal_channel (username) VALUES (%(username)s)]
[parameters: {'username': 'rhymestg'}]
(Background on this error at: https://sqlalche.me/e/20/gkpj) (Line: 35) [queries.py]
2023-07-09 15:03:52,565 ERROR delete_user_channel:rozetked (Line: 124) [handlers.py]
2023-07-09 15:03:52,586 ERROR ['cbrstocks', 'Dota2', 'rhymestg', 'rozetked'] (Line: 131) [handlers.py]
2023-07-09 15:03:53,002 ERROR delete_user_channel:rhymestg (Line: 124) [handlers.py]
2023-07-09 15:03:53,011 ERROR ['cbrstocks', 'Dota2', 'rhymestg'] (Line: 131) [handlers.py]
2023-07-09 15:03:54,115 ERROR delete_user_channel:cbrstocks (Line: 124) [handlers.py]
2023-07-09 15:03:54,125 ERROR ['cbrstocks', 'Dota2'] (Line: 131) [handlers.py]
